<?xml version="1.0" encoding="UTF-8"?>
<testsuite xmlns:xsi="http://www.w3.org/2001/XMLSchema-instance" xsi:noNamespaceSchemaLocation="https://maven.apache.org/surefire/maven-surefire-plugin/xsd/surefire-test-report.xsd" name="TestRunners.BillingTest" time="0.088" tests="3" errors="3" skipped="0" failures="0">
  <properties>
[...]
</properties>
  <testcase name="billing amount #1" classname="Calculate billing amount" time="0.017">
    <error message="The step &quot;user is on billing page&quot; is undefined. You can implement it using the snippet(s) below:&#10;&#10;@Given(&quot;user is on billing page&quot;)&#10;public void user_is_on_billing_page() {&#10;    // Write code here that turns the phrase above into concrete actions&#10;    throw new io.cucumber.java.PendingException();&#10;}&#10;&#10;&#10;Some other steps were also undefined:&#10;&#10;@When(&quot;user enters billing amount {string}&quot;)&#10;public void user_enters_billing_amount(String string) {&#10;    // Write code here that turns the phrase above into concrete actions&#10;    throw new io.cucumber.java.PendingException();&#10;}&#10;@When(&quot;user enters tax amount {string}&quot;)&#10;public void user_enters_tax_amount(String string) {&#10;    // Write code here that turns the phrase above into concrete actions&#10;    throw new io.cucumber.java.PendingException();&#10;}&#10;@When(&quot;user click on calculate button&quot;)&#10;public void user_click_on_calculate_button() {&#10;    // Write code here that turns the phrase above into concrete actions&#10;    throw new io.cucumber.java.PendingException();&#10;}&#10;@Then(&quot;it gives the final amount {string}&quot;)&#10;public void it_gives_the_final_amount(String string) {&#10;    // Write code here that turns the phrase above into concrete actions&#10;    throw new io.cucumber.java.PendingException();&#10;}&#10;" type="io.cucumber.junit.UndefinedStepException">io.cucumber.junit.UndefinedStepException: 
The step "user is on billing page" is undefined. You can implement it using the snippet(s) below:

@Given("user is on billing page")
public void user_is_on_billing_page() {
    // Write code here that turns the phrase above into concrete actions
    throw new io.cucumber.java.PendingException();
}


Some other steps were also undefined:

@When("user enters billing amount {string}")
public void user_enters_billing_amount(String string) {
    // Write code here that turns the phrase above into concrete actions
    throw new io.cucumber.java.PendingException();
}
@When("user enters tax amount {string}")
public void user_enters_tax_amount(String string) {
    // Write code here that turns the phrase above into concrete actions
    throw new io.cucumber.java.PendingException();
}
@When("user click on calculate button")
public void user_click_on_calculate_button() {
    // Write code here that turns the phrase above into concrete actions
    throw new io.cucumber.java.PendingException();
}
@Then("it gives the final amount {string}")
public void it_gives_the_final_amount(String string) {
    // Write code here that turns the phrase above into concrete actions
    throw new io.cucumber.java.PendingException();
}

</error>
    <system-out><![CDATA[
Scenario Outline: billing amount         # src/test/resources/AppFeatures/Billing.feature:12
  Given user is on billing page          # null
  When user enters billing amount "1000" # null
  When user enters tax amount "10"       # null
  And user click on calculate button     # null
  Then it gives the final amount "1010"  # null
]]></system-out>
  </testcase>
  <testcase name="billing amount #2" classname="Calculate billing amount" time="0.014">
    <error message="The step &quot;user is on billing page&quot; is undefined. You can implement it using the snippet(s) below:&#10;&#10;@Given(&quot;user is on billing page&quot;)&#10;public void user_is_on_billing_page() {&#10;    // Write code here that turns the phrase above into concrete actions&#10;    throw new io.cucumber.java.PendingException();&#10;}&#10;&#10;&#10;Some other steps were also undefined:&#10;&#10;@When(&quot;user enters billing amount {string}&quot;)&#10;public void user_enters_billing_amount(String string) {&#10;    // Write code here that turns the phrase above into concrete actions&#10;    throw new io.cucumber.java.PendingException();&#10;}&#10;@When(&quot;user enters tax amount {string}&quot;)&#10;public void user_enters_tax_amount(String string) {&#10;    // Write code here that turns the phrase above into concrete actions&#10;    throw new io.cucumber.java.PendingException();&#10;}&#10;@When(&quot;user click on calculate button&quot;)&#10;public void user_click_on_calculate_button() {&#10;    // Write code here that turns the phrase above into concrete actions&#10;    throw new io.cucumber.java.PendingException();&#10;}&#10;@Then(&quot;it gives the final amount {string}&quot;)&#10;public void it_gives_the_final_amount(String string) {&#10;    // Write code here that turns the phrase above into concrete actions&#10;    throw new io.cucumber.java.PendingException();&#10;}&#10;" type="io.cucumber.junit.UndefinedStepException">io.cucumber.junit.UndefinedStepException: 
The step "user is on billing page" is undefined. You can implement it using the snippet(s) below:

@Given("user is on billing page")
public void user_is_on_billing_page() {
    // Write code here that turns the phrase above into concrete actions
    throw new io.cucumber.java.PendingException();
}


Some other steps were also undefined:

@When("user enters billing amount {string}")
public void user_enters_billing_amount(String string) {
    // Write code here that turns the phrase above into concrete actions
    throw new io.cucumber.java.PendingException();
}
@When("user enters tax amount {string}")
public void user_enters_tax_amount(String string) {
    // Write code here that turns the phrase above into concrete actions
    throw new io.cucumber.java.PendingException();
}
@When("user click on calculate button")
public void user_click_on_calculate_button() {
    // Write code here that turns the phrase above into concrete actions
    throw new io.cucumber.java.PendingException();
}
@Then("it gives the final amount {string}")
public void it_gives_the_final_amount(String string) {
    // Write code here that turns the phrase above into concrete actions
    throw new io.cucumber.java.PendingException();
}

</error>
    <system-out><![CDATA[
Scenario Outline: billing amount        # src/test/resources/AppFeatures/Billing.feature:13
  Given user is on billing page         # null
  When user enters billing amount "500" # null
  When user enters tax amount "20"      # null
  And user click on calculate button    # null
  Then it gives the final amount "520"  # null
]]></system-out>
  </testcase>
  <testcase name="billing amount #3" classname="Calculate billing amount" time="0.012">
    <error message="The step &quot;user is on billing page&quot; is undefined. You can implement it using the snippet(s) below:&#10;&#10;@Given(&quot;user is on billing page&quot;)&#10;public void user_is_on_billing_page() {&#10;    // Write code here that turns the phrase above into concrete actions&#10;    throw new io.cucumber.java.PendingException();&#10;}&#10;&#10;&#10;Some other steps were also undefined:&#10;&#10;@When(&quot;user enters billing amount {string}&quot;)&#10;public void user_enters_billing_amount(String string) {&#10;    // Write code here that turns the phrase above into concrete actions&#10;    throw new io.cucumber.java.PendingException();&#10;}&#10;@When(&quot;user enters tax amount {string}&quot;)&#10;public void user_enters_tax_amount(String string) {&#10;    // Write code here that turns the phrase above into concrete actions&#10;    throw new io.cucumber.java.PendingException();&#10;}&#10;@When(&quot;user click on calculate button&quot;)&#10;public void user_click_on_calculate_button() {&#10;    // Write code here that turns the phrase above into concrete actions&#10;    throw new io.cucumber.java.PendingException();&#10;}&#10;@Then(&quot;it gives the final amount {string}&quot;)&#10;public void it_gives_the_final_amount(String string) {&#10;    // Write code here that turns the phrase above into concrete actions&#10;    throw new io.cucumber.java.PendingException();&#10;}&#10;" type="io.cucumber.junit.UndefinedStepException">io.cucumber.junit.UndefinedStepException: 
The step "user is on billing page" is undefined. You can implement it using the snippet(s) below:

@Given("user is on billing page")
public void user_is_on_billing_page() {
    // Write code here that turns the phrase above into concrete actions
    throw new io.cucumber.java.PendingException();
}


Some other steps were also undefined:

@When("user enters billing amount {string}")
public void user_enters_billing_amount(String string) {
    // Write code here that turns the phrase above into concrete actions
    throw new io.cucumber.java.PendingException();
}
@When("user enters tax amount {string}")
public void user_enters_tax_amount(String string) {
    // Write code here that turns the phrase above into concrete actions
    throw new io.cucumber.java.PendingException();
}
@When("user click on calculate button")
public void user_click_on_calculate_button() {
    // Write code here that turns the phrase above into concrete actions
    throw new io.cucumber.java.PendingException();
}
@Then("it gives the final amount {string}")
public void it_gives_the_final_amount(String string) {
    // Write code here that turns the phrase above into concrete actions
    throw new io.cucumber.java.PendingException();
}

</error>
    <system-out><![CDATA[
Scenario Outline: billing amount         # src/test/resources/AppFeatures/Billing.feature:14
  Given user is on billing page          # null
  When user enters billing amount "100"  # null
  When user enters tax amount "5.5"      # null
  And user click on calculate button     # null
  Then it gives the final amount "105.5" # null
]]></system-out>
  </testcase>
</testsuite>